This is pdfTeX, Version 3.14159265-2.6-1.40.21 (MiKTeX 2.9.7300 64-bit) (preloaded format=pdflatex 2020.2.10)  11 MAY 2020 08:09
entering extended mode
**./FDI_project.tex
(FDI_project.tex
LaTeX2e <2020-02-02>
L3 programming layer <2020-02-03>
("C:\Users\Emilie\AppData\Local\Programs\MiKTeX 2.9\tex/latex/koma-script\scrar
tcl.cls"
Document Class: scrartcl 2020/01/24 v3.29 KOMA-Script document class (article)

("C:\Users\Emilie\AppData\Local\Programs\MiKTeX 2.9\tex/latex/koma-script\scrkb
ase.sty"
Package: scrkbase 2020/01/24 v3.29 KOMA-Script package (KOMA-Script-dependent b
asics and keyval usage)

("C:\Users\Emilie\AppData\Local\Programs\MiKTeX 2.9\tex/latex/koma-script\scrba
se.sty"
Package: scrbase 2020/01/24 v3.29 KOMA-Script package (KOMA-Script-independent 
basics and keyval usage)

("C:\Users\Emilie\AppData\Local\Programs\MiKTeX 2.9\tex/latex/graphics\keyval.s
ty"
Package: keyval 2014/10/28 v1.15 key=value parser (DPC)
\KV@toks@=\toks14
)
("C:\Users\Emilie\AppData\Local\Programs\MiKTeX 2.9\tex/latex/koma-script\scrlf
ile.sty"
Package: scrlfile 2020/01/24 v3.29 KOMA-Script package (loading files)
)))
("C:\Users\Emilie\AppData\Local\Programs\MiKTeX 2.9\tex/latex/koma-script\tocba
sic.sty"
Package: tocbasic 2020/01/24 v3.29 KOMA-Script package (handling toc-files)
\scr@dte@tocline@numberwidth=\skip47
\scr@dte@tocline@numbox=\box45
)
Package tocbasic Info: omitting babel extension for `toc'
(tocbasic)             because of feature `nobabel' available
(tocbasic)             for `toc' on input line 137.
Package scrartcl Info: You've used standard option `11pt'.
(scrartcl)             This is correct!
(scrartcl)             Internally I'm using `fontsize=11pt'.
(scrartcl)             If you'd like to set the option with \KOMAoptions,
(scrartcl)             you'd have to use `fontsize=11pt' there
(scrartcl)             instead of `11pt', too.
Class scrartcl Info: File `scrsize11pt.clo' used to setup font sizes on input l
ine 2212.

("C:\Users\Emilie\AppData\Local\Programs\MiKTeX 2.9\tex/latex/koma-script\scrsi
ze11pt.clo"
File: scrsize11pt.clo 2020/01/24 v3.29 KOMA-Script font size class option (11pt
)
)
("C:\Users\Emilie\AppData\Local\Programs\MiKTeX 2.9\tex/latex/koma-script\typea
rea.sty"
Package: typearea 2020/01/24 v3.29 KOMA-Script package (type area)
\ta@bcor=\skip48
\ta@div=\count167
Package typearea Info: You've used standard option `a4paper'.
(typearea)             This is correct!
(typearea)             Internally I'm using `paper=a4'.
(typearea)             If you'd like to set the option with \KOMAoptions,
(typearea)             you'd have to use `paper=a4' there
(typearea)             instead of `a4paper', too.
\ta@hblk=\skip49
\ta@vblk=\skip50
\ta@temp=\skip51
\footheight=\skip52
Package typearea Info: These are the values describing the layout:
(typearea)             DIV  = 10
(typearea)             BCOR = 0.0pt
(typearea)             \paperwidth      = 597.50793pt
(typearea)              \textwidth      = 418.25555pt
(typearea)              DIV departure   = -6%
(typearea)              \evensidemargin = 17.3562pt
(typearea)              \oddsidemargin  = 17.3562pt
(typearea)             \paperheight     = 845.04694pt
(typearea)              \textheight     = 595.80026pt
(typearea)              \topmargin      = -25.16531pt
(typearea)              \headheight     = 17.0pt
(typearea)              \headsep        = 20.40001pt
(typearea)              \topskip        = 11.0pt
(typearea)              \footskip       = 47.6pt
(typearea)              \baselineskip   = 13.6pt
(typearea)              on input line 1719.
)
\c@part=\count168
\c@section=\count169
\c@subsection=\count170
\c@subsubsection=\count171
\c@paragraph=\count172
\c@subparagraph=\count173
\scr@dte@section@maxnumwidth=\skip53
Class scrartcl Info: using compatibility default `runin=bysign'
(scrartcl)           for `\section on input line 4723.
Class scrartcl Info: using compatibility default `afterindent=bysign'
(scrartcl)           for `\section on input line 4723.
\scr@dte@part@maxnumwidth=\skip54
Class scrartcl Info: using compatibility default `afterindent=false'
(scrartcl)           for `\part on input line 4731.
\scr@dte@subsection@maxnumwidth=\skip55
Class scrartcl Info: using compatibility default `runin=bysign'
(scrartcl)           for `\subsection on input line 4741.
Class scrartcl Info: using compatibility default `afterindent=bysign'
(scrartcl)           for `\subsection on input line 4741.
\scr@dte@subsubsection@maxnumwidth=\skip56
Class scrartcl Info: using compatibility default `runin=bysign'
(scrartcl)           for `\subsubsection on input line 4751.
Class scrartcl Info: using compatibility default `afterindent=bysign'
(scrartcl)           for `\subsubsection on input line 4751.
\scr@dte@paragraph@maxnumwidth=\skip57
Class scrartcl Info: using compatibility default `runin=bysign'
(scrartcl)           for `\paragraph on input line 4761.
Class scrartcl Info: using compatibility default `afterindent=bysign'
(scrartcl)           for `\paragraph on input line 4761.
\scr@dte@subparagraph@maxnumwidth=\skip58
Class scrartcl Info: using compatibility default `runin=bysign'
(scrartcl)           for `\subparagraph on input line 4771.
Class scrartcl Info: using compatibility default `afterindent=bysign'
(scrartcl)           for `\subparagraph on input line 4771.
\abovecaptionskip=\skip59
\belowcaptionskip=\skip60
\c@pti@nb@sid@b@x=\box46
Package tocbasic Info: omitting babel extension for `lof'
(tocbasic)             because of feature `nobabel' available
(tocbasic)             for `lof' on input line 6002.
\scr@dte@figure@maxnumwidth=\skip61
\c@figure=\count174
Package tocbasic Info: omitting babel extension for `lot'
(tocbasic)             because of feature `nobabel' available
(tocbasic)             for `lot' on input line 6014.
\scr@dte@table@maxnumwidth=\skip62
\c@table=\count175
Class scrartcl Info: Redefining `\numberline' on input line 6178.
\bibindent=\dimen134
)
("C:\Users\Emilie\AppData\Local\Programs\MiKTeX 2.9\tex/latex/base\fontenc.sty"
Package: fontenc 2020/01/25 v2.0m Standard LaTeX package
)
("C:\Users\Emilie\AppData\Local\Programs\MiKTeX 2.9\tex/latex/setspace\setspace
.sty"
Package: setspace 2011/12/19 v6.7a set line spacing
)
LaTeX Info: Redefining \bf on input line 11.

("C:\Users\Emilie\AppData\Local\Programs\MiKTeX 2.9\tex/latex/base\inputenc.sty
"
Package: inputenc 2018/08/11 v1.3c Input encoding file
\inpenc@prehook=\toks15
\inpenc@posthook=\toks16
)
("C:\Users\Emilie\AppData\Local\Programs\MiKTeX 2.9\tex/generic/babel\babel.sty
"
Package: babel 2020/02/03 3.39 The Babel package

("C:\Users\Emilie\AppData\Local\Programs\MiKTeX 2.9\tex/generic/babel\switch.de
f"
File: switch.def 2020/02/03 3.39 Babel switching mechanism
)
*************************************
* Local config file bblopts.cfg used
*
("C:\Users\Emilie\AppData\Local\Programs\MiKTeX 2.9\tex/latex/arabi\bblopts.cfg
"
File: bblopts.cfg 2005/09/08 v0.1 add Arabic and Farsi to "declared" options of
 babel
)
("C:\Users\Emilie\AppData\Local\Programs\MiKTeX 2.9\tex/latex/babel-english\eng
lish.ldf"
Language: english 2017/06/06 v3.3r English support from the babel system

("C:\Users\Emilie\AppData\Local\Programs\MiKTeX 2.9\tex/generic/babel\babel.def
"
File: babel.def 2020/02/03 3.39 Babel common definitions
\babel@savecnt=\count176
\U@D=\dimen135

("C:\Users\Emilie\AppData\Local\Programs\MiKTeX 2.9\tex/generic/babel\txtbabel.
def")
\bbl@readstream=\read2
\bbl@dirlevel=\count177
)
Package babel Info: \l@canadian = using hyphenrules for english
(babel)             (\language0) on input line 102.
Package babel Info: \l@australian = using hyphenrules for ukenglish
(babel)             (\language72) on input line 105.
Package babel Info: \l@newzealand = using hyphenrules for ukenglish
(babel)             (\language72) on input line 108.
))
("C:\Users\Emilie\AppData\Local\Programs\MiKTeX 2.9\tex/latex/amsmath\amsmath.s
ty"
Package: amsmath 2020/01/20 v2.17e AMS math features
\@mathmargin=\skip63

For additional information on amsmath, use the `?' option.

("C:\Users\Emilie\AppData\Local\Programs\MiKTeX 2.9\tex/latex/amsmath\amstext.s
ty"
Package: amstext 2000/06/29 v2.01 AMS text

("C:\Users\Emilie\AppData\Local\Programs\MiKTeX 2.9\tex/latex/amsmath\amsgen.st
y"
File: amsgen.sty 1999/11/30 v2.0 generic functions
\@emptytoks=\toks17
\ex@=\dimen136
))
("C:\Users\Emilie\AppData\Local\Programs\MiKTeX 2.9\tex/latex/amsmath\amsbsy.st
y"
Package: amsbsy 1999/11/29 v1.2d Bold Symbols
\pmbraise@=\dimen137
)
("C:\Users\Emilie\AppData\Local\Programs\MiKTeX 2.9\tex/latex/amsmath\amsopn.st
y"
Package: amsopn 2016/03/08 v2.02 operator names
)
\inf@bad=\count178
LaTeX Info: Redefining \frac on input line 227.
\uproot@=\count179
\leftroot@=\count180
LaTeX Info: Redefining \overline on input line 389.
\classnum@=\count181
\DOTSCASE@=\count182
LaTeX Info: Redefining \ldots on input line 486.
LaTeX Info: Redefining \dots on input line 489.
LaTeX Info: Redefining \cdots on input line 610.
\Mathstrutbox@=\box47
\strutbox@=\box48
\big@size=\dimen138
LaTeX Font Info:    Redeclaring font encoding OML on input line 733.
LaTeX Font Info:    Redeclaring font encoding OMS on input line 734.
\macc@depth=\count183
\c@MaxMatrixCols=\count184
\dotsspace@=\muskip16
\c@parentequation=\count185
\dspbrk@lvl=\count186
\tag@help=\toks18
\row@=\count187
\column@=\count188
\maxfields@=\count189
\andhelp@=\toks19
\eqnshift@=\dimen139
\alignsep@=\dimen140
\tagshift@=\dimen141
\tagwidth@=\dimen142
\totwidth@=\dimen143
\lineht@=\dimen144
\@envbody=\toks20
\multlinegap=\skip64
\multlinetaggap=\skip65
\mathdisplay@stack=\toks21
LaTeX Info: Redefining \[ on input line 2859.
LaTeX Info: Redefining \] on input line 2860.
)
("C:\Users\Emilie\AppData\Local\Programs\MiKTeX 2.9\tex/latex/amsfonts\amssymb.
sty"
Package: amssymb 2013/01/14 v3.01 AMS font symbols

("C:\Users\Emilie\AppData\Local\Programs\MiKTeX 2.9\tex/latex/amsfonts\amsfonts
.sty"
Package: amsfonts 2013/01/14 v3.01 Basic AMSFonts support
\symAMSa=\mathgroup4
\symAMSb=\mathgroup5
LaTeX Font Info:    Redeclaring math symbol \hbar on input line 98.
LaTeX Font Info:    Overwriting math alphabet `\mathfrak' in version `bold'
(Font)                  U/euf/m/n --> U/euf/b/n on input line 106.
))
("C:\Users\Emilie\AppData\Local\Programs\MiKTeX 2.9\tex/latex/siunitx\siunitx.s
ty"
("C:\Users\Emilie\AppData\Local\Programs\MiKTeX 2.9\tex/latex/l3kernel\expl3.st
y"
Package: expl3 2020-02-03 L3 programming layer (loader) 

("C:\Users\Emilie\AppData\Local\Programs\MiKTeX 2.9\tex/latex/l3backend\l3backe
nd-pdfmode.def"
File: l3backend-pdfmode.def 2020-02-03 L3 backend support: PDF mode
\l__kernel_color_stack_int=\count190
\l__pdf_internal_box=\box49
))
("C:\Users\Emilie\AppData\Local\Programs\MiKTeX 2.9\tex/latex/l3packages/xparse
\xparse.sty"
Package: xparse 2020-02-03 L3 Experimental document command parser
\l__xparse_current_arg_int=\count191
\g__xparse_grabber_int=\count192
\l__xparse_m_args_int=\count193
\l__xparse_v_nesting_int=\count194
)
Package: siunitx 2020/02/25 v2.8b A comprehensive (SI) units package

("C:\Users\Emilie\AppData\Local\Programs\MiKTeX 2.9\tex/latex/tools\array.sty"
Package: array 2019/08/31 v2.4l Tabular extension package (FMi)
\col@sep=\dimen145
\ar@mcellbox=\box50
\extrarowheight=\dimen146
\NC@list=\toks22
\extratabsurround=\skip66
\backup@length=\skip67
\ar@cellbox=\box51
)
("C:\Users\Emilie\AppData\Local\Programs\MiKTeX 2.9\tex/latex/l3packages/l3keys
2e\l3keys2e.sty"
Package: l3keys2e 2020-02-03 LaTeX2e option processing using LaTeX3 keys
)
\l__siunitx_tmp_box=\box52
\l__siunitx_tmp_dim=\dimen147
\l__siunitx_tmp_int=\count195
\l__siunitx_number_mantissa_length_int=\count196
\l__siunitx_number_uncert_length_int=\count197
\l__siunitx_round_int=\count198
\l__siunitx_process_decimal_int=\count199
\l__siunitx_process_uncertainty_int=\count266
\l__siunitx_process_fixed_int=\count267
\l__siunitx_process_integer_min_int=\count268
\l__siunitx_process_precision_int=\count269
\l__siunitx_group_min_int=\count270
\l__siunitx_angle_marker_box=\box53
\l__siunitx_angle_unit_box=\box54
\l__siunitx_angle_marker_dim=\dimen148
\l__siunitx_angle_unit_dim=\dimen149
\l__siunitx_unit_int=\count271
\l__siunitx_unit_denominator_int=\count272
\l__siunitx_unit_numerator_int=\count273
\l__siunitx_unit_prefix_int=\count274
\l__siunitx_unit_prefix_base_int=\count275
\l__siunitx_unit_prefix_gram_int=\count276
\l__siunitx_number_product_int=\count277
\c__siunitx_one_fill_skip=\skip68
\l__siunitx_table_unit_align_skip=\skip69
\l__siunitx_table_exponent_dim=\dimen150
\l__siunitx_table_integer_dim=\dimen151
\l__siunitx_table_mantissa_dim=\dimen152
\l__siunitx_table_marker_dim=\dimen153
\l__siunitx_table_result_dim=\dimen154
\l__siunitx_table_uncert_dim=\dimen155
\l__siunitx_table_fill_pre_dim=\dimen156
\l__siunitx_table_fill_post_dim=\dimen157
\l__siunitx_table_fill_mid_dim=\dimen158
\l__siunitx_table_pre_box=\box55
\l__siunitx_table_post_box=\box56
\l__siunitx_table_mantissa_box=\box57
\l__siunitx_table_result_box=\box58
\l__siunitx_table_number_align_skip=\skip70
\l__siunitx_table_text_align_skip=\skip71

("C:\Users\Emilie\AppData\Local\Programs\MiKTeX 2.9\tex/latex/translator\transl
ator.sty"
Package: translator 2019-05-31 v1.12a Easy translation of strings in LaTeX
))
("C:\Users\Emilie\AppData\Local\Programs\MiKTeX 2.9\tex/latex/graphics\graphicx
.sty"
Package: graphicx 2019/11/30 v1.2a Enhanced LaTeX Graphics (DPC,SPQR)

("C:\Users\Emilie\AppData\Local\Programs\MiKTeX 2.9\tex/latex/graphics\graphics
.sty"
Package: graphics 2019/11/30 v1.4a Standard LaTeX Graphics (DPC,SPQR)

("C:\Users\Emilie\AppData\Local\Programs\MiKTeX 2.9\tex/latex/graphics\trig.sty
"
Package: trig 2016/01/03 v1.10 sin cos tan (DPC)
)
("C:\Users\Emilie\AppData\Local\Programs\MiKTeX 2.9\tex/latex/graphics-cfg\grap
hics.cfg"
File: graphics.cfg 2016/06/04 v1.11 sample graphics configuration
)
Package graphics Info: Driver file: pdftex.def on input line 105.

("C:\Users\Emilie\AppData\Local\Programs\MiKTeX 2.9\tex/latex/graphics-def\pdft
ex.def"
File: pdftex.def 2018/01/08 v1.0l Graphics/color driver for pdftex
))
\Gin@req@height=\dimen159
\Gin@req@width=\dimen160
)
("C:\Users\Emilie\AppData\Local\Programs\MiKTeX 2.9\tex/latex/adjustbox\adjustb
ox.sty"
Package: adjustbox 2019/01/04 v1.2 Adjusting TeX boxes (trim, clip, ...)

("C:\Users\Emilie\AppData\Local\Programs\MiKTeX 2.9\tex/latex/xkeyval\xkeyval.s
ty"
Package: xkeyval 2014/12/03 v2.7a package option processing (HA)

("C:\Users\Emilie\AppData\Local\Programs\MiKTeX 2.9\tex/generic/xkeyval\xkeyval
.tex"
("C:\Users\Emilie\AppData\Local\Programs\MiKTeX 2.9\tex/generic/xkeyval\xkvutil
s.tex"
\XKV@toks=\toks23
\XKV@tempa@toks=\toks24
)
\XKV@depth=\count278
File: xkeyval.tex 2014/12/03 v2.7a key=value parser (HA)
))
("C:\Users\Emilie\AppData\Local\Programs\MiKTeX 2.9\tex/latex/adjustbox\adjcalc
.sty"
Package: adjcalc 2012/05/16 v1.1 Provides advanced setlength with multiple back
-ends (calc, etex, pgfmath)
)
("C:\Users\Emilie\AppData\Local\Programs\MiKTeX 2.9\tex/latex/adjustbox\trimcli
p.sty"
Package: trimclip 2018/04/08 v1.1 Trim and clip general TeX material

("C:\Users\Emilie\AppData\Local\Programs\MiKTeX 2.9\tex/latex/collectbox\collec
tbox.sty"
Package: collectbox 2012/05/17 v0.4b Collect macro arguments as boxes
\collectedbox=\box59
)
\tc@llx=\dimen161
\tc@lly=\dimen162
\tc@urx=\dimen163
\tc@ury=\dimen164
Package trimclip Info: Using driver 'tc-pdftex.def'.

("C:\Users\Emilie\AppData\Local\Programs\MiKTeX 2.9\tex/latex/adjustbox\tc-pdft
ex.def"
File: tc-pdftex.def 2019/01/04 v2.2 Clipping driver for pdftex
))
\adjbox@Width=\dimen165
\adjbox@Height=\dimen166
\adjbox@Depth=\dimen167
\adjbox@Totalheight=\dimen168
\adjbox@pwidth=\dimen169
\adjbox@pheight=\dimen170
\adjbox@pdepth=\dimen171
\adjbox@ptotalheight=\dimen172

("C:\Users\Emilie\AppData\Local\Programs\MiKTeX 2.9\tex/latex/ifoddpage\ifoddpa
ge.sty"
Package: ifoddpage 2016/04/23 v1.1 Conditionals for odd/even page detection
\c@checkoddpage=\count279
)
("C:\Users\Emilie\AppData\Local\Programs\MiKTeX 2.9\tex/latex/varwidth\varwidth
.sty"
Package: varwidth 2009/03/30 ver 0.92;  Variable-width minipages
\@vwid@box=\box60
\sift@deathcycles=\count280
\@vwid@loff=\dimen173
\@vwid@roff=\dimen174
))
("C:\Users\Emilie\AppData\Local\Programs\MiKTeX 2.9\tex/latex/caption\subcaptio
n.sty"
Package: subcaption 2020/01/22 v1.3d Sub-captions (AR)

("C:\Users\Emilie\AppData\Local\Programs\MiKTeX 2.9\tex/latex/caption\caption.s
ty"
Package: caption 2020/01/03 v3.4h Customizing captions (AR)

("C:\Users\Emilie\AppData\Local\Programs\MiKTeX 2.9\tex/latex/caption\caption3.
sty"
Package: caption3 2020/01/03 v1.8h caption3 kernel (AR)
Package caption3 Info: TeX engine: e-TeX on input line 61.
\captionmargin=\dimen175
\captionmargin@=\dimen176
\captionwidth=\dimen177
\caption@tempdima=\dimen178
\caption@indent=\dimen179
\caption@parindent=\dimen180
\caption@hangindent=\dimen181
Package caption Info: KOMA-Script document class detected.
)
Package caption Info: KOMA-Script document class.
\c@caption@flags=\count281
\c@continuedfloat=\count282
)
\c@subfigure=\count283
\c@subtable=\count284
)
("C:\Users\Emilie\AppData\Local\Programs\MiKTeX 2.9\tex/latex/placeins\placeins
.sty"
Package: placeins 2005/04/18  v 2.2
)
("C:\Users\Emilie\AppData\Local\Programs\MiKTeX 2.9\tex/latex/pdflscape\pdflsca
pe.sty"
Package: pdflscape 2019/12/05 v0.12 Display of landscape pages in PDF (HO)

("C:\Users\Emilie\AppData\Local\Programs\MiKTeX 2.9\tex/generic/iftex\iftex.sty
"
Package: iftex 2019/11/07 v1.0c TeX engine tests
)
("C:\Users\Emilie\AppData\Local\Programs\MiKTeX 2.9\tex/latex/graphics\lscape.s
ty"
Package: lscape 2000/10/22 v3.01 Landscape Pages (DPC)
)
Package pdflscape Info: Auto-detected driver: pdftex on input line 81.
)
("C:\Users\Emilie\AppData\Local\Programs\MiKTeX 2.9\tex/latex/booktabs\booktabs
.sty"
Package: booktabs 2020/01/12 v1.61803398 Publication quality tables
\heavyrulewidth=\dimen182
\lightrulewidth=\dimen183
\cmidrulewidth=\dimen184
\belowrulesep=\dimen185
\belowbottomsep=\dimen186
\aboverulesep=\dimen187
\abovetopsep=\dimen188
\cmidrulesep=\dimen189
\cmidrulekern=\dimen190
\defaultaddspace=\dimen191
\@cmidla=\count285
\@cmidlb=\count286
\@aboverulesep=\dimen192
\@belowrulesep=\dimen193
\@thisruleclass=\count287
\@lastruleclass=\count288
\@thisrulewidth=\dimen194
)
("C:\Users\Emilie\AppData\Local\Programs\MiKTeX 2.9\tex/latex/threeparttable\th
reeparttable.sty"
Package: threeparttable 2003/06/13  v 3.0
\@tempboxb=\box61
)
("C:\Users\Emilie\AppData\Local\Programs\MiKTeX 2.9\tex/latex/csvsimple\csvsimp
le.sty"
Package: csvsimple 2019/04/09 version 1.21 LaTeX CSV file processing

("C:\Users\Emilie\AppData\Local\Programs\MiKTeX 2.9\tex/latex/pgf/utilities\pgf
rcs.sty"
("C:\Users\Emilie\AppData\Local\Programs\MiKTeX 2.9\tex/generic/pgf/utilities\p
gfutil-common.tex"
\pgfutil@everybye=\toks25
\pgfutil@tempdima=\dimen195
\pgfutil@tempdimb=\dimen196

("C:\Users\Emilie\AppData\Local\Programs\MiKTeX 2.9\tex/generic/pgf/utilities\p
gfutil-common-lists.tex"))
("C:\Users\Emilie\AppData\Local\Programs\MiKTeX 2.9\tex/generic/pgf/utilities\p
gfutil-latex.def"
\pgfutil@abb=\box62

("C:\Users\Emilie\AppData\Local\Programs\MiKTeX 2.9\tex/latex/ms\everyshi.sty"
Package: everyshi 2001/05/15 v3.00 EveryShipout Package (MS)
))
("C:\Users\Emilie\AppData\Local\Programs\MiKTeX 2.9\tex/generic/pgf/utilities\p
gfrcs.code.tex"
("C:\Users\Emilie\AppData\Local\Programs\MiKTeX 2.9\tex/generic/pgf\pgf.revisio
n.tex")
Package: pgfrcs 2020/01/08 v3.1.5b (3.1.5b)
))
("C:\Users\Emilie\AppData\Local\Programs\MiKTeX 2.9\tex/latex/pgf/utilities\pgf
keys.sty"
("C:\Users\Emilie\AppData\Local\Programs\MiKTeX 2.9\tex/generic/pgf/utilities\p
gfkeys.code.tex"
\pgfkeys@pathtoks=\toks26
\pgfkeys@temptoks=\toks27

("C:\Users\Emilie\AppData\Local\Programs\MiKTeX 2.9\tex/generic/pgf/utilities\p
gfkeysfiltered.code.tex"
\pgfkeys@tmptoks=\toks28
)))
("C:\Users\Emilie\AppData\Local\Programs\MiKTeX 2.9\tex/latex/base\ifthen.sty"
Package: ifthen 2014/09/29 v1.1c Standard LaTeX ifthen package (DPC)
)
("C:\Users\Emilie\AppData\Local\Programs\MiKTeX 2.9\tex/latex/etoolbox\etoolbox
.sty"
Package: etoolbox 2019/09/21 v2.5h e-TeX tools for LaTeX (JAW)
\etb@tempcnta=\count289
)
("C:\Users\Emilie\AppData\Local\Programs\MiKTeX 2.9\tex/latex/tools\shellesc.st
y"
Package: shellesc 2019/11/08 v1.0c unified shell escape interface for LaTeX
Package shellesc Info: Restricted shell escape enabled on input line 77.
)
\csv@file=\read3
\c@csvinputline=\count290
\c@csvrow=\count291
\c@csvcol=\count292
\csv@out=\write3
)
("C:\Users\Emilie\AppData\Local\Programs\MiKTeX 2.9\tex/latex/import\import.sty
"
Package: import 2020/01/22  v 6.0
)
("C:\Users\Emilie\AppData\Local\Programs\MiKTeX 2.9\tex/latex/tools\longtable.s
ty"
Package: longtable 2020/01/07 v4.13 Multi-page Table package (DPC)
\LTleft=\skip72
\LTright=\skip73
\LTpre=\skip74
\LTpost=\skip75
\LTchunksize=\count293
\LTcapwidth=\dimen197
\LT@head=\box63
\LT@firsthead=\box64
\LT@foot=\box65
\LT@lastfoot=\box66
\LT@cols=\count294
\LT@rows=\count295
\c@LT@tables=\count296
\c@LT@chunks=\count297
\LT@p@ftn=\toks29
)
Class scrartcl Info: longtable captions redefined on input line 42.

("C:\Users\Emilie\AppData\Local\Programs\MiKTeX 2.9\tex/latex/natbib\natbib.sty
"
Package: natbib 2010/09/13 8.31b (PWD, AO)
\bibhang=\skip76
\bibsep=\skip77
LaTeX Info: Redefining \cite on input line 694.
\c@NAT@ctr=\count298
)
("C:\Users\Emilie\AppData\Local\Programs\MiKTeX 2.9\tex/latex/pdfpages\pdfpages
.sty"
Package: pdfpages 2020/01/28 v0.5q Insert pages of external PDF documents (AM)

("C:\Users\Emilie\AppData\Local\Programs\MiKTeX 2.9\tex/latex/tools\calc.sty"
Package: calc 2017/05/25 v4.3 Infix arithmetic (KKT,FJ)
\calc@Acount=\count299
\calc@Bcount=\count300
\calc@Adimen=\dimen198
\calc@Bdimen=\dimen199
\calc@Askip=\skip78
\calc@Bskip=\skip79
LaTeX Info: Redefining \setlength on input line 80.
LaTeX Info: Redefining \addtolength on input line 81.
\calc@Ccount=\count301
\calc@Cskip=\skip80
)
("C:\Users\Emilie\AppData\Local\Programs\MiKTeX 2.9\tex/latex/eso-pic\eso-pic.s
ty"
Package: eso-pic 2018/04/12 v2.0h eso-pic (RN)

("C:\Users\Emilie\AppData\Local\Programs\MiKTeX 2.9\tex/generic/atbegshi\atbegs
hi.sty"
Package: atbegshi 2019/12/05 v1.19 At begin shipout hook (HO)

("C:\Users\Emilie\AppData\Local\Programs\MiKTeX 2.9\tex/generic/infwarerr\infwa
rerr.sty"
Package: infwarerr 2019/12/03 v1.5 Providing info/warning/error messages (HO)
)
("C:\Users\Emilie\AppData\Local\Programs\MiKTeX 2.9\tex/generic/ltxcmds\ltxcmds
.sty"
Package: ltxcmds 2019/12/15 v1.24 LaTeX kernel commands for general use (HO)
))
("C:\Users\Emilie\AppData\Local\Programs\MiKTeX 2.9\tex/latex/xcolor\xcolor.sty
"
Package: xcolor 2016/05/11 v2.12 LaTeX color extensions (UK)

("C:\Users\Emilie\AppData\Local\Programs\MiKTeX 2.9\tex/latex/graphics-cfg\colo
r.cfg"
File: color.cfg 2016/01/02 v1.6 sample color configuration
)
Package xcolor Info: Driver file: pdftex.def on input line 225.
Package xcolor Info: Model `cmy' substituted by `cmy0' on input line 1348.
Package xcolor Info: Model `hsb' substituted by `rgb' on input line 1352.
Package xcolor Info: Model `RGB' extended on input line 1364.
Package xcolor Info: Model `HTML' substituted by `rgb' on input line 1366.
Package xcolor Info: Model `Hsb' substituted by `hsb' on input line 1367.
Package xcolor Info: Model `tHsb' substituted by `hsb' on input line 1368.
Package xcolor Info: Model `HSB' substituted by `hsb' on input line 1369.
Package xcolor Info: Model `Gray' substituted by `gray' on input line 1370.
Package xcolor Info: Model `wave' substituted by `hsb' on input line 1371.
))
\AM@pagewidth=\dimen256
\AM@pageheight=\dimen257

("C:\Users\Emilie\AppData\Local\Programs\MiKTeX 2.9\tex/latex/pdfpages\pppdftex
.def"
File: pppdftex.def 2020/01/28 v0.5q Pdfpages driver for pdfTeX (AM)
)
\AM@pagebox=\box67
\AM@global@opts=\toks30
\AM@pagecnt=\count302
\AM@toc@title=\toks31
\c@AM@survey=\count303
\AM@templatesizebox=\box68
) (FDI_project.aux)
\openout1 = `FDI_project.aux'.

LaTeX Font Info:    Checking defaults for OML/cmm/m/it on input line 58.
LaTeX Font Info:    ... okay on input line 58.
LaTeX Font Info:    Checking defaults for OMS/cmsy/m/n on input line 58.
LaTeX Font Info:    ... okay on input line 58.
LaTeX Font Info:    Checking defaults for OT1/cmr/m/n on input line 58.
LaTeX Font Info:    ... okay on input line 58.
LaTeX Font Info:    Checking defaults for T1/cmr/m/n on input line 58.
LaTeX Font Info:    ... okay on input line 58.
LaTeX Font Info:    Checking defaults for TS1/cmr/m/n on input line 58.
LaTeX Font Info:    ... okay on input line 58.
LaTeX Font Info:    Checking defaults for OMX/cmex/m/n on input line 58.
LaTeX Font Info:    ... okay on input line 58.
LaTeX Font Info:    Checking defaults for U/cmr/m/n on input line 58.
LaTeX Font Info:    ... okay on input line 58.
Package scrbase Info: activating english \contentsname on input line 58.
Package scrbase Info: activating english \listfigurename on input line 58.
Package scrbase Info: activating english \listtablename on input line 58.

("C:\Users\Emilie\AppData\Local\Programs\MiKTeX 2.9\tex/latex/translator\transl
ator-basic-dictionary-English.dict"
Dictionary: translator-basic-dictionary, Language: English 
)
("C:\Users\Emilie\AppData\Local\Programs\MiKTeX 2.9\tex/latex/siunitx\siunitx-a
bbreviations.cfg"
File: siunitx-abbreviations.cfg 2017/11/26 v2.7k siunitx: Abbreviated units
)
("C:\Users\Emilie\AppData\Local\Programs\MiKTeX 2.9\tex/context/base/mkii\supp-
pdf.mkii"
[Loading MPS to PDF converter (version 2006.09.02).]
\scratchcounter=\count304
\scratchdimen=\dimen258
\scratchbox=\box69
\nofMPsegments=\count305
\nofMParguments=\count306
\everyMPshowfont=\toks32
\MPscratchCnt=\count307
\MPscratchDim=\dimen259
\MPnumerator=\count308
\makeMPintoPDFobject=\count309
\everyMPtoPDFconversion=\toks33
)
("C:\Users\Emilie\AppData\Local\Programs\MiKTeX 2.9\tex/latex/epstopdf-pkg\epst
opdf-base.sty"
Package: epstopdf-base 2020-01-24 v2.11 Base part for package epstopdf
Package epstopdf-base Info: Redefining graphics rule for `.eps' on input line 4
85.
)
Package caption Info: Begin \AtBeginDocument code.
Package caption Info: longtable package is loaded.

("C:\Users\Emilie\AppData\Local\Programs\MiKTeX 2.9\tex/latex/caption\ltcaption
.sty"
Package: ltcaption 2018/08/26 v1.4a longtable captions (AR)
)
Package caption Info: threeparttable package is loaded.
Package caption Info: End \AtBeginDocument code.
 ABD: EveryShipout initializing macros
\AtBeginShipoutBox=\box70
LaTeX Font Info:    Trying to load font information for U+msa on input line 58.


("C:\Users\Emilie\AppData\Local\Programs\MiKTeX 2.9\tex/latex/amsfonts\umsa.fd"
File: umsa.fd 2013/01/14 v3.01 AMS symbols A
)
LaTeX Font Info:    Trying to load font information for U+msb on input line 58.

 ("C:\Users\Emilie\AppData\Local\Programs\MiKTeX 2.9\tex/latex/amsfonts\umsb.fd
"
File: umsb.fd 2013/01/14 v3.01 AMS symbols B
)
<Graphics/UoN_Logo.jpg, id=1, 2114.90125pt x 782.925pt>
File: Graphics/UoN_Logo.jpg Graphic file (type jpg)
<use Graphics/UoN_Logo.jpg>
Package pdftex.def Info: Graphics/UoN_Logo.jpg  used on input line 65.
(pdftex.def)             Requested size: 115.27112pt x 42.67912pt.

Underfull \hbox (badness 10000) in paragraph at lines 65--66

 []

[1

{C:/Users/Emilie/AppData/Local/MiKTeX/2.9/pdftex/config/pdftex.map} <./Graphics
/UoN_Logo.jpg>]
LaTeX Font Info:    Trying to load font information for T1+cmss on input line 1
06.

("C:\Users\Emilie\AppData\Local\Programs\MiKTeX 2.9\tex/latex/base\t1cmss.fd"
File: t1cmss.fd 2019/12/16 v2.5j Standard LaTeX font definitions
)
(FDI_project.toc)
\tf@toc=\write4
\openout4 = `FDI_project.toc'.

 [1] (FDI_project.lot)
\tf@lot=\write5
\openout5 = `FDI_project.lot'.

 (FDI_project.lof)
\tf@lof=\write6
\openout6 = `FDI_project.lof'.

 [2] [1]
(fditype_freq.tex)
Underfull \hbox (badness 10000) in paragraph at lines 150--152

 []

(cat_freq.tex)

LaTeX Warning: `!h' float specifier changed to `!ht'.

[2] (cont_summ.tex) [3]
<Graphics/emp15_outliers.png, id=34, 693.59125pt x 461.725pt>
File: Graphics/emp15_outliers.png Graphic file (type png)
<use Graphics/emp15_outliers.png>
Package pdftex.def Info: Graphics/emp15_outliers.png  used on input line 180.
(pdftex.def)             Requested size: 418.25555pt x 278.43916pt.
 [4 <./Graphics/emp15_outliers.png (PNG copy)>]
(baltab_fdi.tex) [5]

Package natbib Warning: Citation `Caliendo2008' on page 6 undefined on input li
ne 206.

<Graphics/graph.png, id=42, 883.3pt x 588.1975pt>
File: Graphics/graph.png Graphic file (type png)
<use Graphics/graph.png>
Package pdftex.def Info: Graphics/graph.png  used on input line 214.
(pdftex.def)             Requested size: 418.25555pt x 278.51715pt.
[6 <./Graphics/graph.png (PNG copy)>] [7] [8] [9] [10]
Underfull \hbox (badness 10000) in paragraph at lines 366--367

 []

<Graphics/overlap_type.png, id=60, 883.3pt x 588.1975pt>
File: Graphics/overlap_type.png Graphic file (type png)
<use Graphics/overlap_type.png>
Package pdftex.def Info: Graphics/overlap_type.png  used on input line 379.
(pdftex.def)             Requested size: 418.25555pt x 278.51715pt.

LaTeX Warning: `h' float specifier changed to `ht'.

[11] [12 <./Graphics/overlap_type.png (PNG copy)>]
Overfull \hbox (8.48463pt too wide) in paragraph at lines 396--424
 [] 
 []

[13] [14] (FDI_project.bbl) [15] [3]

pdfTeX warning: pdflatex (file ./log_fdi_matching.pdf): PDF inclusion: found PD
F version <1.6>, but at most version <1.5> allowed
<log_fdi_matching.pdf, id=81, 614.295pt x 794.97pt>
File: log_fdi_matching.pdf Graphic file (type pdf)
<use log_fdi_matching.pdf>
Package pdftex.def Info: log_fdi_matching.pdf  used on input line 515.
(pdftex.def)             Requested size: 426.79134pt x 552.32666pt.

Overfull \hbox (8.53578pt too wide) in paragraph at lines 515--516
 [][] 
 []

[4 <./log_fdi_matching.pdf>]
File: log_fdi_matching.pdf Graphic file (type pdf)
<use log_fdi_matching.pdf>
Package pdftex.def Info: log_fdi_matching.pdf  used on input line 519.
(pdftex.def)             Requested size: 614.29349pt x 794.96806pt.


pdfTeX warning: pdflatex (file ./log_fdi_matching.pdf): PDF inclusion: found PD
F version <1.6>, but at most version <1.5> allowed
File: log_fdi_matching.pdf Graphic file (type pdf)
<use log_fdi_matching.pdf>
Package pdftex.def Info: log_fdi_matching.pdf  used on input line 519.
(pdftex.def)             Requested size: 614.29349pt x 794.96806pt.


pdfTeX warning: pdflatex (file ./log_fdi_matching.pdf): PDF inclusion: found PD
F version <1.6>, but at most version <1.5> allowed


pdfTeX warning: pdflatex (file ./log_fdi_matching.pdf): PDF inclusion: found PD
F version <1.6>, but at most version <1.5> allowed
<log_fdi_matching.pdf, id=110, page=2, 614.295pt x 794.97pt>
File: log_fdi_matching.pdf Graphic file (type pdf)
<use log_fdi_matching.pdf, page 2>
Package pdftex.def Info: log_fdi_matching.pdf , page2 used on input line 519.
(pdftex.def)             Requested size: 614.29349pt x 794.96806pt.
File: log_fdi_matching.pdf Graphic file (type pdf)
<use log_fdi_matching.pdf, page 2>
Package pdftex.def Info: log_fdi_matching.pdf , page2 used on input line 519.
(pdftex.def)             Requested size: 552.86038pt x 715.4664pt.
File: log_fdi_matching.pdf Graphic file (type pdf)
<use log_fdi_matching.pdf, page 2>
Package pdftex.def Info: log_fdi_matching.pdf , page2 used on input line 519.
(pdftex.def)             Requested size: 552.86038pt x 715.4664pt.
File: log_fdi_matching.pdf Graphic file (type pdf)
<use log_fdi_matching.pdf, page 2>
Package pdftex.def Info: log_fdi_matching.pdf , page2 used on input line 519.
(pdftex.def)             Requested size: 552.86038pt x 715.4664pt.
File: log_fdi_matching.pdf Graphic file (type pdf)
<use log_fdi_matching.pdf, page 2>
Package pdftex.def Info: log_fdi_matching.pdf , page2 used on input line 519.
(pdftex.def)             Requested size: 552.86038pt x 715.4664pt.
[5 <./log_fdi_matching.pdf>]

pdfTeX warning: pdflatex (file ./log_fdi_matching.pdf): PDF inclusion: found PD
F version <1.6>, but at most version <1.5> allowed
<log_fdi_matching.pdf, id=125, page=3, 614.295pt x 794.97pt>
File: log_fdi_matching.pdf Graphic file (type pdf)
<use log_fdi_matching.pdf, page 3>
Package pdftex.def Info: log_fdi_matching.pdf , page3 used on input line 519.
(pdftex.def)             Requested size: 552.86038pt x 715.4664pt.
File: log_fdi_matching.pdf Graphic file (type pdf)
<use log_fdi_matching.pdf, page 3>
Package pdftex.def Info: log_fdi_matching.pdf , page3 used on input line 519.
(pdftex.def)             Requested size: 552.86038pt x 715.4664pt.
File: log_fdi_matching.pdf Graphic file (type pdf)
<use log_fdi_matching.pdf, page 3>
Package pdftex.def Info: log_fdi_matching.pdf , page3 used on input line 519.
(pdftex.def)             Requested size: 552.86038pt x 715.4664pt.
[6 <./log_fdi_matching.pdf>]

pdfTeX warning: pdflatex (file ./log_fdi_matching.pdf): PDF inclusion: found PD
F version <1.6>, but at most version <1.5> allowed
<log_fdi_matching.pdf, id=139, page=4, 614.295pt x 794.97pt>
File: log_fdi_matching.pdf Graphic file (type pdf)
<use log_fdi_matching.pdf, page 4>
Package pdftex.def Info: log_fdi_matching.pdf , page4 used on input line 519.
(pdftex.def)             Requested size: 552.86038pt x 715.4664pt.
File: log_fdi_matching.pdf Graphic file (type pdf)
<use log_fdi_matching.pdf, page 4>
Package pdftex.def Info: log_fdi_matching.pdf , page4 used on input line 519.
(pdftex.def)             Requested size: 552.86038pt x 715.4664pt.
File: log_fdi_matching.pdf Graphic file (type pdf)
<use log_fdi_matching.pdf, page 4>
Package pdftex.def Info: log_fdi_matching.pdf , page4 used on input line 519.
(pdftex.def)             Requested size: 552.86038pt x 715.4664pt.
[7 <./log_fdi_matching.pdf>]

pdfTeX warning: pdflatex (file ./log_fdi_matching.pdf): PDF inclusion: found PD
F version <1.6>, but at most version <1.5> allowed
<log_fdi_matching.pdf, id=143, page=5, 614.295pt x 794.97pt>
File: log_fdi_matching.pdf Graphic file (type pdf)
<use log_fdi_matching.pdf, page 5>
Package pdftex.def Info: log_fdi_matching.pdf , page5 used on input line 519.
(pdftex.def)             Requested size: 552.86038pt x 715.4664pt.
File: log_fdi_matching.pdf Graphic file (type pdf)
<use log_fdi_matching.pdf, page 5>
Package pdftex.def Info: log_fdi_matching.pdf , page5 used on input line 519.
(pdftex.def)             Requested size: 552.86038pt x 715.4664pt.
File: log_fdi_matching.pdf Graphic file (type pdf)
<use log_fdi_matching.pdf, page 5>
Package pdftex.def Info: log_fdi_matching.pdf , page5 used on input line 519.
(pdftex.def)             Requested size: 552.86038pt x 715.4664pt.
[8 <./log_fdi_matching.pdf>]

pdfTeX warning: pdflatex (file ./log_fdi_matching.pdf): PDF inclusion: found PD
F version <1.6>, but at most version <1.5> allowed
<log_fdi_matching.pdf, id=147, page=6, 614.295pt x 794.97pt>
File: log_fdi_matching.pdf Graphic file (type pdf)
<use log_fdi_matching.pdf, page 6>
Package pdftex.def Info: log_fdi_matching.pdf , page6 used on input line 519.
(pdftex.def)             Requested size: 552.86038pt x 715.4664pt.
File: log_fdi_matching.pdf Graphic file (type pdf)
<use log_fdi_matching.pdf, page 6>
Package pdftex.def Info: log_fdi_matching.pdf , page6 used on input line 519.
(pdftex.def)             Requested size: 552.86038pt x 715.4664pt.
File: log_fdi_matching.pdf Graphic file (type pdf)
<use log_fdi_matching.pdf, page 6>
Package pdftex.def Info: log_fdi_matching.pdf , page6 used on input line 519.
(pdftex.def)             Requested size: 552.86038pt x 715.4664pt.
[9 <./log_fdi_matching.pdf>]

pdfTeX warning: pdflatex (file ./log_fdi_matching.pdf): PDF inclusion: found PD
F version <1.6>, but at most version <1.5> allowed
<log_fdi_matching.pdf, id=152, page=7, 614.295pt x 794.97pt>
File: log_fdi_matching.pdf Graphic file (type pdf)
<use log_fdi_matching.pdf, page 7>
Package pdftex.def Info: log_fdi_matching.pdf , page7 used on input line 519.
(pdftex.def)             Requested size: 552.86038pt x 715.4664pt.
File: log_fdi_matching.pdf Graphic file (type pdf)
<use log_fdi_matching.pdf, page 7>
Package pdftex.def Info: log_fdi_matching.pdf , page7 used on input line 519.
(pdftex.def)             Requested size: 552.86038pt x 715.4664pt.
File: log_fdi_matching.pdf Graphic file (type pdf)
<use log_fdi_matching.pdf, page 7>
Package pdftex.def Info: log_fdi_matching.pdf , page7 used on input line 519.
(pdftex.def)             Requested size: 552.86038pt x 715.4664pt.
[10 <./log_fdi_matching.pdf>]

pdfTeX warning: pdflatex (file ./log_fdi_matching.pdf): PDF inclusion: found PD
F version <1.6>, but at most version <1.5> allowed
<log_fdi_matching.pdf, id=156, page=8, 614.295pt x 794.97pt>
File: log_fdi_matching.pdf Graphic file (type pdf)
<use log_fdi_matching.pdf, page 8>
Package pdftex.def Info: log_fdi_matching.pdf , page8 used on input line 519.
(pdftex.def)             Requested size: 552.86038pt x 715.4664pt.
File: log_fdi_matching.pdf Graphic file (type pdf)
<use log_fdi_matching.pdf, page 8>
Package pdftex.def Info: log_fdi_matching.pdf , page8 used on input line 519.
(pdftex.def)             Requested size: 552.86038pt x 715.4664pt.
File: log_fdi_matching.pdf Graphic file (type pdf)
<use log_fdi_matching.pdf, page 8>
Package pdftex.def Info: log_fdi_matching.pdf , page8 used on input line 519.
(pdftex.def)             Requested size: 552.86038pt x 715.4664pt.
[11 <./log_fdi_matching.pdf>]

pdfTeX warning: pdflatex (file ./log_fdi_matching.pdf): PDF inclusion: found PD
F version <1.6>, but at most version <1.5> allowed
<log_fdi_matching.pdf, id=160, page=9, 614.295pt x 794.97pt>
File: log_fdi_matching.pdf Graphic file (type pdf)
<use log_fdi_matching.pdf, page 9>
Package pdftex.def Info: log_fdi_matching.pdf , page9 used on input line 519.
(pdftex.def)             Requested size: 552.86038pt x 715.4664pt.
File: log_fdi_matching.pdf Graphic file (type pdf)
<use log_fdi_matching.pdf, page 9>
Package pdftex.def Info: log_fdi_matching.pdf , page9 used on input line 519.
(pdftex.def)             Requested size: 552.86038pt x 715.4664pt.
File: log_fdi_matching.pdf Graphic file (type pdf)
<use log_fdi_matching.pdf, page 9>
Package pdftex.def Info: log_fdi_matching.pdf , page9 used on input line 519.
(pdftex.def)             Requested size: 552.86038pt x 715.4664pt.
[12 <./log_fdi_matching.pdf>]

pdfTeX warning: pdflatex (file ./log_fdi_matching.pdf): PDF inclusion: found PD
F version <1.6>, but at most version <1.5> allowed
<log_fdi_matching.pdf, id=164, page=10, 614.295pt x 794.97pt>
File: log_fdi_matching.pdf Graphic file (type pdf)
<use log_fdi_matching.pdf, page 10>
Package pdftex.def Info: log_fdi_matching.pdf , page10 used on input line 519.
(pdftex.def)             Requested size: 552.86038pt x 715.4664pt.
File: log_fdi_matching.pdf Graphic file (type pdf)
<use log_fdi_matching.pdf, page 10>
Package pdftex.def Info: log_fdi_matching.pdf , page10 used on input line 519.
(pdftex.def)             Requested size: 552.86038pt x 715.4664pt.
File: log_fdi_matching.pdf Graphic file (type pdf)
<use log_fdi_matching.pdf, page 10>
Package pdftex.def Info: log_fdi_matching.pdf , page10 used on input line 519.
(pdftex.def)             Requested size: 552.86038pt x 715.4664pt.
[13 <./log_fdi_matching.pdf>]

pdfTeX warning: pdflatex (file ./log_fdi_matching.pdf): PDF inclusion: found PD
F version <1.6>, but at most version <1.5> allowed
<log_fdi_matching.pdf, id=168, page=11, 614.295pt x 794.97pt>
File: log_fdi_matching.pdf Graphic file (type pdf)
<use log_fdi_matching.pdf, page 11>
Package pdftex.def Info: log_fdi_matching.pdf , page11 used on input line 519.
(pdftex.def)             Requested size: 552.86038pt x 715.4664pt.
File: log_fdi_matching.pdf Graphic file (type pdf)
<use log_fdi_matching.pdf, page 11>
Package pdftex.def Info: log_fdi_matching.pdf , page11 used on input line 519.
(pdftex.def)             Requested size: 552.86038pt x 715.4664pt.
File: log_fdi_matching.pdf Graphic file (type pdf)
<use log_fdi_matching.pdf, page 11>
Package pdftex.def Info: log_fdi_matching.pdf , page11 used on input line 519.
(pdftex.def)             Requested size: 552.86038pt x 715.4664pt.
[14 <./log_fdi_matching.pdf>]

pdfTeX warning: pdflatex (file ./log_fdi_matching.pdf): PDF inclusion: found PD
F version <1.6>, but at most version <1.5> allowed
<log_fdi_matching.pdf, id=172, page=12, 614.295pt x 794.97pt>
File: log_fdi_matching.pdf Graphic file (type pdf)
<use log_fdi_matching.pdf, page 12>
Package pdftex.def Info: log_fdi_matching.pdf , page12 used on input line 519.
(pdftex.def)             Requested size: 552.86038pt x 715.4664pt.
File: log_fdi_matching.pdf Graphic file (type pdf)
<use log_fdi_matching.pdf, page 12>
Package pdftex.def Info: log_fdi_matching.pdf , page12 used on input line 519.
(pdftex.def)             Requested size: 552.86038pt x 715.4664pt.
File: log_fdi_matching.pdf Graphic file (type pdf)
<use log_fdi_matching.pdf, page 12>
Package pdftex.def Info: log_fdi_matching.pdf , page12 used on input line 519.
(pdftex.def)             Requested size: 552.86038pt x 715.4664pt.
[15 <./log_fdi_matching.pdf>]

pdfTeX warning: pdflatex (file ./log_fdi_matching.pdf): PDF inclusion: found PD
F version <1.6>, but at most version <1.5> allowed
<log_fdi_matching.pdf, id=177, page=13, 614.295pt x 794.97pt>
File: log_fdi_matching.pdf Graphic file (type pdf)
<use log_fdi_matching.pdf, page 13>
Package pdftex.def Info: log_fdi_matching.pdf , page13 used on input line 519.
(pdftex.def)             Requested size: 552.86038pt x 715.4664pt.
File: log_fdi_matching.pdf Graphic file (type pdf)
<use log_fdi_matching.pdf, page 13>
Package pdftex.def Info: log_fdi_matching.pdf , page13 used on input line 519.
(pdftex.def)             Requested size: 552.86038pt x 715.4664pt.
File: log_fdi_matching.pdf Graphic file (type pdf)
<use log_fdi_matching.pdf, page 13>
Package pdftex.def Info: log_fdi_matching.pdf , page13 used on input line 519.
(pdftex.def)             Requested size: 552.86038pt x 715.4664pt.
[16 <./log_fdi_matching.pdf>]

pdfTeX warning: pdflatex (file ./log_fdi_matching.pdf): PDF inclusion: found PD
F version <1.6>, but at most version <1.5> allowed
<log_fdi_matching.pdf, id=181, page=14, 614.295pt x 794.97pt>
File: log_fdi_matching.pdf Graphic file (type pdf)
<use log_fdi_matching.pdf, page 14>
Package pdftex.def Info: log_fdi_matching.pdf , page14 used on input line 519.
(pdftex.def)             Requested size: 552.86038pt x 715.4664pt.
File: log_fdi_matching.pdf Graphic file (type pdf)
<use log_fdi_matching.pdf, page 14>
Package pdftex.def Info: log_fdi_matching.pdf , page14 used on input line 519.
(pdftex.def)             Requested size: 552.86038pt x 715.4664pt.
File: log_fdi_matching.pdf Graphic file (type pdf)
<use log_fdi_matching.pdf, page 14>
Package pdftex.def Info: log_fdi_matching.pdf , page14 used on input line 519.
(pdftex.def)             Requested size: 552.86038pt x 715.4664pt.
[17 <./log_fdi_matching.pdf>]

pdfTeX warning: pdflatex (file ./log_fdi_matching.pdf): PDF inclusion: found PD
F version <1.6>, but at most version <1.5> allowed
<log_fdi_matching.pdf, id=185, page=15, 614.295pt x 794.97pt>
File: log_fdi_matching.pdf Graphic file (type pdf)
<use log_fdi_matching.pdf, page 15>
Package pdftex.def Info: log_fdi_matching.pdf , page15 used on input line 519.
(pdftex.def)             Requested size: 552.86038pt x 715.4664pt.
File: log_fdi_matching.pdf Graphic file (type pdf)
<use log_fdi_matching.pdf, page 15>
Package pdftex.def Info: log_fdi_matching.pdf , page15 used on input line 519.
(pdftex.def)             Requested size: 552.86038pt x 715.4664pt.
File: log_fdi_matching.pdf Graphic file (type pdf)
<use log_fdi_matching.pdf, page 15>
Package pdftex.def Info: log_fdi_matching.pdf , page15 used on input line 519.
(pdftex.def)             Requested size: 552.86038pt x 715.4664pt.
[18 <./log_fdi_matching.pdf>]

pdfTeX warning: pdflatex (file ./log_fdi_matching.pdf): PDF inclusion: found PD
F version <1.6>, but at most version <1.5> allowed
<log_fdi_matching.pdf, id=189, page=16, 614.295pt x 794.97pt>
File: log_fdi_matching.pdf Graphic file (type pdf)
<use log_fdi_matching.pdf, page 16>
Package pdftex.def Info: log_fdi_matching.pdf , page16 used on input line 519.
(pdftex.def)             Requested size: 552.86038pt x 715.4664pt.
File: log_fdi_matching.pdf Graphic file (type pdf)
<use log_fdi_matching.pdf, page 16>
Package pdftex.def Info: log_fdi_matching.pdf , page16 used on input line 519.
(pdftex.def)             Requested size: 552.86038pt x 715.4664pt.
File: log_fdi_matching.pdf Graphic file (type pdf)
<use log_fdi_matching.pdf, page 16>
Package pdftex.def Info: log_fdi_matching.pdf , page16 used on input line 519.
(pdftex.def)             Requested size: 552.86038pt x 715.4664pt.
[19 <./log_fdi_matching.pdf>]

pdfTeX warning: pdflatex (file ./log_fdi_matching.pdf): PDF inclusion: found PD
F version <1.6>, but at most version <1.5> allowed
<log_fdi_matching.pdf, id=193, page=17, 614.295pt x 794.97pt>
File: log_fdi_matching.pdf Graphic file (type pdf)
<use log_fdi_matching.pdf, page 17>
Package pdftex.def Info: log_fdi_matching.pdf , page17 used on input line 519.
(pdftex.def)             Requested size: 552.86038pt x 715.4664pt.
File: log_fdi_matching.pdf Graphic file (type pdf)
<use log_fdi_matching.pdf, page 17>
Package pdftex.def Info: log_fdi_matching.pdf , page17 used on input line 519.
(pdftex.def)             Requested size: 552.86038pt x 715.4664pt.
File: log_fdi_matching.pdf Graphic file (type pdf)
<use log_fdi_matching.pdf, page 17>
Package pdftex.def Info: log_fdi_matching.pdf , page17 used on input line 519.
(pdftex.def)             Requested size: 552.86038pt x 715.4664pt.
[20 <./log_fdi_matching.pdf>]

pdfTeX warning: pdflatex (file ./log_fdi_matching.pdf): PDF inclusion: found PD
F version <1.6>, but at most version <1.5> allowed
<log_fdi_matching.pdf, id=197, page=18, 614.295pt x 794.97pt>
File: log_fdi_matching.pdf Graphic file (type pdf)
<use log_fdi_matching.pdf, page 18>
Package pdftex.def Info: log_fdi_matching.pdf , page18 used on input line 519.
(pdftex.def)             Requested size: 552.86038pt x 715.4664pt.
File: log_fdi_matching.pdf Graphic file (type pdf)
<use log_fdi_matching.pdf, page 18>
Package pdftex.def Info: log_fdi_matching.pdf , page18 used on input line 519.
(pdftex.def)             Requested size: 552.86038pt x 715.4664pt.
File: log_fdi_matching.pdf Graphic file (type pdf)
<use log_fdi_matching.pdf, page 18>
Package pdftex.def Info: log_fdi_matching.pdf , page18 used on input line 519.
(pdftex.def)             Requested size: 552.86038pt x 715.4664pt.
[21 <./log_fdi_matching.pdf>]

pdfTeX warning: pdflatex (file ./log_fdi_matching.pdf): PDF inclusion: found PD
F version <1.6>, but at most version <1.5> allowed
<log_fdi_matching.pdf, id=202, page=19, 614.295pt x 794.97pt>
File: log_fdi_matching.pdf Graphic file (type pdf)
<use log_fdi_matching.pdf, page 19>
Package pdftex.def Info: log_fdi_matching.pdf , page19 used on input line 519.
(pdftex.def)             Requested size: 552.86038pt x 715.4664pt.
File: log_fdi_matching.pdf Graphic file (type pdf)
<use log_fdi_matching.pdf, page 19>
Package pdftex.def Info: log_fdi_matching.pdf , page19 used on input line 519.
(pdftex.def)             Requested size: 552.86038pt x 715.4664pt.
File: log_fdi_matching.pdf Graphic file (type pdf)
<use log_fdi_matching.pdf, page 19>
Package pdftex.def Info: log_fdi_matching.pdf , page19 used on input line 519.
(pdftex.def)             Requested size: 552.86038pt x 715.4664pt.
[22 <./log_fdi_matching.pdf>]

pdfTeX warning: pdflatex (file ./log_fdi_matching.pdf): PDF inclusion: found PD
F version <1.6>, but at most version <1.5> allowed
<log_fdi_matching.pdf, id=206, page=20, 614.295pt x 794.97pt>
File: log_fdi_matching.pdf Graphic file (type pdf)
<use log_fdi_matching.pdf, page 20>
Package pdftex.def Info: log_fdi_matching.pdf , page20 used on input line 519.
(pdftex.def)             Requested size: 552.86038pt x 715.4664pt.
File: log_fdi_matching.pdf Graphic file (type pdf)
<use log_fdi_matching.pdf, page 20>
Package pdftex.def Info: log_fdi_matching.pdf , page20 used on input line 519.
(pdftex.def)             Requested size: 552.86038pt x 715.4664pt.
File: log_fdi_matching.pdf Graphic file (type pdf)
<use log_fdi_matching.pdf, page 20>
Package pdftex.def Info: log_fdi_matching.pdf , page20 used on input line 519.
(pdftex.def)             Requested size: 552.86038pt x 715.4664pt.
[23 <./log_fdi_matching.pdf>]

pdfTeX warning: pdflatex (file ./log_fdi_matching.pdf): PDF inclusion: found PD
F version <1.6>, but at most version <1.5> allowed
<log_fdi_matching.pdf, id=210, page=21, 614.295pt x 794.97pt>
File: log_fdi_matching.pdf Graphic file (type pdf)
<use log_fdi_matching.pdf, page 21>
Package pdftex.def Info: log_fdi_matching.pdf , page21 used on input line 519.
(pdftex.def)             Requested size: 552.86038pt x 715.4664pt.
File: log_fdi_matching.pdf Graphic file (type pdf)
<use log_fdi_matching.pdf, page 21>
Package pdftex.def Info: log_fdi_matching.pdf , page21 used on input line 519.
(pdftex.def)             Requested size: 552.86038pt x 715.4664pt.
File: log_fdi_matching.pdf Graphic file (type pdf)
<use log_fdi_matching.pdf, page 21>
Package pdftex.def Info: log_fdi_matching.pdf , page21 used on input line 519.
(pdftex.def)             Requested size: 552.86038pt x 715.4664pt.
[24 <./log_fdi_matching.pdf>]

pdfTeX warning: pdflatex (file ./log_fdi_matching.pdf): PDF inclusion: found PD
F version <1.6>, but at most version <1.5> allowed
<log_fdi_matching.pdf, id=214, page=22, 614.295pt x 794.97pt>
File: log_fdi_matching.pdf Graphic file (type pdf)
<use log_fdi_matching.pdf, page 22>
Package pdftex.def Info: log_fdi_matching.pdf , page22 used on input line 519.
(pdftex.def)             Requested size: 552.86038pt x 715.4664pt.
File: log_fdi_matching.pdf Graphic file (type pdf)
<use log_fdi_matching.pdf, page 22>
Package pdftex.def Info: log_fdi_matching.pdf , page22 used on input line 519.
(pdftex.def)             Requested size: 552.86038pt x 715.4664pt.
File: log_fdi_matching.pdf Graphic file (type pdf)
<use log_fdi_matching.pdf, page 22>
Package pdftex.def Info: log_fdi_matching.pdf , page22 used on input line 519.
(pdftex.def)             Requested size: 552.86038pt x 715.4664pt.
[25 <./log_fdi_matching.pdf>]

pdfTeX warning: pdflatex (file ./log_fdi_matching.pdf): PDF inclusion: found PD
F version <1.6>, but at most version <1.5> allowed
<log_fdi_matching.pdf, id=218, page=23, 614.295pt x 794.97pt>
File: log_fdi_matching.pdf Graphic file (type pdf)
<use log_fdi_matching.pdf, page 23>
Package pdftex.def Info: log_fdi_matching.pdf , page23 used on input line 519.
(pdftex.def)             Requested size: 552.86038pt x 715.4664pt.
File: log_fdi_matching.pdf Graphic file (type pdf)
<use log_fdi_matching.pdf, page 23>
Package pdftex.def Info: log_fdi_matching.pdf , page23 used on input line 519.
(pdftex.def)             Requested size: 552.86038pt x 715.4664pt.
File: log_fdi_matching.pdf Graphic file (type pdf)
<use log_fdi_matching.pdf, page 23>
Package pdftex.def Info: log_fdi_matching.pdf , page23 used on input line 519.
(pdftex.def)             Requested size: 552.86038pt x 715.4664pt.
[26 <./log_fdi_matching.pdf>]

pdfTeX warning: pdflatex (file ./log_fdi_matching.pdf): PDF inclusion: found PD
F version <1.6>, but at most version <1.5> allowed
<log_fdi_matching.pdf, id=222, page=24, 614.295pt x 794.97pt>
File: log_fdi_matching.pdf Graphic file (type pdf)
<use log_fdi_matching.pdf, page 24>
Package pdftex.def Info: log_fdi_matching.pdf , page24 used on input line 519.
(pdftex.def)             Requested size: 552.86038pt x 715.4664pt.
File: log_fdi_matching.pdf Graphic file (type pdf)
<use log_fdi_matching.pdf, page 24>
Package pdftex.def Info: log_fdi_matching.pdf , page24 used on input line 519.
(pdftex.def)             Requested size: 552.86038pt x 715.4664pt.
File: log_fdi_matching.pdf Graphic file (type pdf)
<use log_fdi_matching.pdf, page 24>
Package pdftex.def Info: log_fdi_matching.pdf , page24 used on input line 519.
(pdftex.def)             Requested size: 552.86038pt x 715.4664pt.
[27 <./log_fdi_matching.pdf>]

pdfTeX warning: pdflatex (file ./log_fdi_matching.pdf): PDF inclusion: found PD
F version <1.6>, but at most version <1.5> allowed
<log_fdi_matching.pdf, id=236, page=25, 614.295pt x 794.97pt>
File: log_fdi_matching.pdf Graphic file (type pdf)
<use log_fdi_matching.pdf, page 25>
Package pdftex.def Info: log_fdi_matching.pdf , page25 used on input line 519.
(pdftex.def)             Requested size: 552.86038pt x 715.4664pt.
File: log_fdi_matching.pdf Graphic file (type pdf)
<use log_fdi_matching.pdf, page 25>
Package pdftex.def Info: log_fdi_matching.pdf , page25 used on input line 519.
(pdftex.def)             Requested size: 552.86038pt x 715.4664pt.
File: log_fdi_matching.pdf Graphic file (type pdf)
<use log_fdi_matching.pdf, page 25>
Package pdftex.def Info: log_fdi_matching.pdf , page25 used on input line 519.
(pdftex.def)             Requested size: 552.86038pt x 715.4664pt.
[28 <./log_fdi_matching.pdf>]

pdfTeX warning: pdflatex (file ./log_fdi_matching.pdf): PDF inclusion: found PD
F version <1.6>, but at most version <1.5> allowed
<log_fdi_matching.pdf, id=240, page=26, 614.295pt x 794.97pt>
File: log_fdi_matching.pdf Graphic file (type pdf)
<use log_fdi_matching.pdf, page 26>
Package pdftex.def Info: log_fdi_matching.pdf , page26 used on input line 519.
(pdftex.def)             Requested size: 552.86038pt x 715.4664pt.
File: log_fdi_matching.pdf Graphic file (type pdf)
<use log_fdi_matching.pdf, page 26>
Package pdftex.def Info: log_fdi_matching.pdf , page26 used on input line 519.
(pdftex.def)             Requested size: 552.86038pt x 715.4664pt.
File: log_fdi_matching.pdf Graphic file (type pdf)
<use log_fdi_matching.pdf, page 26>
Package pdftex.def Info: log_fdi_matching.pdf , page26 used on input line 519.
(pdftex.def)             Requested size: 552.86038pt x 715.4664pt.
[29 <./log_fdi_matching.pdf>]

pdfTeX warning: pdflatex (file ./log_fdi_matching.pdf): PDF inclusion: found PD
F version <1.6>, but at most version <1.5> allowed
<log_fdi_matching.pdf, id=244, page=27, 614.295pt x 794.97pt>
File: log_fdi_matching.pdf Graphic file (type pdf)
<use log_fdi_matching.pdf, page 27>
Package pdftex.def Info: log_fdi_matching.pdf , page27 used on input line 519.
(pdftex.def)             Requested size: 552.86038pt x 715.4664pt.
File: log_fdi_matching.pdf Graphic file (type pdf)
<use log_fdi_matching.pdf, page 27>
Package pdftex.def Info: log_fdi_matching.pdf , page27 used on input line 519.
(pdftex.def)             Requested size: 552.86038pt x 715.4664pt.
File: log_fdi_matching.pdf Graphic file (type pdf)
<use log_fdi_matching.pdf, page 27>
Package pdftex.def Info: log_fdi_matching.pdf , page27 used on input line 519.
(pdftex.def)             Requested size: 552.86038pt x 715.4664pt.
[30 <./log_fdi_matching.pdf>]

pdfTeX warning: pdflatex (file ./log_fdi_matching.pdf): PDF inclusion: found PD
F version <1.6>, but at most version <1.5> allowed
<log_fdi_matching.pdf, id=248, page=28, 614.295pt x 794.97pt>
File: log_fdi_matching.pdf Graphic file (type pdf)
<use log_fdi_matching.pdf, page 28>
Package pdftex.def Info: log_fdi_matching.pdf , page28 used on input line 519.
(pdftex.def)             Requested size: 552.86038pt x 715.4664pt.
File: log_fdi_matching.pdf Graphic file (type pdf)
<use log_fdi_matching.pdf, page 28>
Package pdftex.def Info: log_fdi_matching.pdf , page28 used on input line 519.
(pdftex.def)             Requested size: 552.86038pt x 715.4664pt.
File: log_fdi_matching.pdf Graphic file (type pdf)
<use log_fdi_matching.pdf, page 28>
Package pdftex.def Info: log_fdi_matching.pdf , page28 used on input line 519.
(pdftex.def)             Requested size: 552.86038pt x 715.4664pt.
[31 <./log_fdi_matching.pdf>]

pdfTeX warning: pdflatex (file ./log_fdi_matching.pdf): PDF inclusion: found PD
F version <1.6>, but at most version <1.5> allowed
<log_fdi_matching.pdf, id=252, page=29, 614.295pt x 794.97pt>
File: log_fdi_matching.pdf Graphic file (type pdf)
<use log_fdi_matching.pdf, page 29>
Package pdftex.def Info: log_fdi_matching.pdf , page29 used on input line 519.
(pdftex.def)             Requested size: 552.86038pt x 715.4664pt.
File: log_fdi_matching.pdf Graphic file (type pdf)
<use log_fdi_matching.pdf, page 29>
Package pdftex.def Info: log_fdi_matching.pdf , page29 used on input line 519.
(pdftex.def)             Requested size: 552.86038pt x 715.4664pt.
File: log_fdi_matching.pdf Graphic file (type pdf)
<use log_fdi_matching.pdf, page 29>
Package pdftex.def Info: log_fdi_matching.pdf , page29 used on input line 519.
(pdftex.def)             Requested size: 552.86038pt x 715.4664pt.
[32 <./log_fdi_matching.pdf>]

pdfTeX warning: pdflatex (file ./log_fdi_matching.pdf): PDF inclusion: found PD
F version <1.6>, but at most version <1.5> allowed
<log_fdi_matching.pdf, id=256, page=30, 614.295pt x 794.97pt>
File: log_fdi_matching.pdf Graphic file (type pdf)
<use log_fdi_matching.pdf, page 30>
Package pdftex.def Info: log_fdi_matching.pdf , page30 used on input line 519.
(pdftex.def)             Requested size: 552.86038pt x 715.4664pt.
File: log_fdi_matching.pdf Graphic file (type pdf)
<use log_fdi_matching.pdf, page 30>
Package pdftex.def Info: log_fdi_matching.pdf , page30 used on input line 519.
(pdftex.def)             Requested size: 552.86038pt x 715.4664pt.
File: log_fdi_matching.pdf Graphic file (type pdf)
<use log_fdi_matching.pdf, page 30>
Package pdftex.def Info: log_fdi_matching.pdf , page30 used on input line 519.
(pdftex.def)             Requested size: 552.86038pt x 715.4664pt.
[33 <./log_fdi_matching.pdf>]

pdfTeX warning: pdflatex (file ./log_fdi_matching.pdf): PDF inclusion: found PD
F version <1.6>, but at most version <1.5> allowed
<log_fdi_matching.pdf, id=261, page=31, 614.295pt x 794.97pt>
File: log_fdi_matching.pdf Graphic file (type pdf)
<use log_fdi_matching.pdf, page 31>
Package pdftex.def Info: log_fdi_matching.pdf , page31 used on input line 519.
(pdftex.def)             Requested size: 552.86038pt x 715.4664pt.
File: log_fdi_matching.pdf Graphic file (type pdf)
<use log_fdi_matching.pdf, page 31>
Package pdftex.def Info: log_fdi_matching.pdf , page31 used on input line 519.
(pdftex.def)             Requested size: 552.86038pt x 715.4664pt.
File: log_fdi_matching.pdf Graphic file (type pdf)
<use log_fdi_matching.pdf, page 31>
Package pdftex.def Info: log_fdi_matching.pdf , page31 used on input line 519.
(pdftex.def)             Requested size: 552.86038pt x 715.4664pt.
[34 <./log_fdi_matching.pdf>]

pdfTeX warning: pdflatex (file ./log_fdi_matching.pdf): PDF inclusion: found PD
F version <1.6>, but at most version <1.5> allowed
<log_fdi_matching.pdf, id=265, page=32, 614.295pt x 794.97pt>
File: log_fdi_matching.pdf Graphic file (type pdf)
<use log_fdi_matching.pdf, page 32>
Package pdftex.def Info: log_fdi_matching.pdf , page32 used on input line 519.
(pdftex.def)             Requested size: 552.86038pt x 715.4664pt.
File: log_fdi_matching.pdf Graphic file (type pdf)
<use log_fdi_matching.pdf, page 32>
Package pdftex.def Info: log_fdi_matching.pdf , page32 used on input line 519.
(pdftex.def)             Requested size: 552.86038pt x 715.4664pt.
File: log_fdi_matching.pdf Graphic file (type pdf)
<use log_fdi_matching.pdf, page 32>
Package pdftex.def Info: log_fdi_matching.pdf , page32 used on input line 519.
(pdftex.def)             Requested size: 552.86038pt x 715.4664pt.
[35 <./log_fdi_matching.pdf>]

Package natbib Warning: There were undefined citations.

(FDI_project.aux) ) 
Here is how much of TeX's memory you used:
 14667 strings out of 481565
 294899 string characters out of 2913711
 634190 words of memory out of 3000000
 29623 multiletter control sequences out of 15000+200000
 554086 words of font info for 78 fonts, out of 3000000 for 9000
 1141 hyphenation exceptions out of 8191
 65i,19n,115p,10132b,697s stack positions out of 5000i,500n,10000p,200000b,50000s
 <C:\Users\Emilie\AppData\Local\MiKTeX\2.9\fonts/pk/ljfour/j
knappen/ec/dpi600\ecti1095.pk> <C:\Users\Emilie\AppData\Local\MiKTeX\2.9\fonts/
pk/ljfour/jknappen/ec/dpi600\ecsx1200.pk> <C:\Users\Emilie\AppData\Local\MiKTeX
\2.9\fonts/pk/ljfour/jknappen/ec/dpi600\ecti0900.pk> <C:\Users\Emilie\AppData\L
ocal\MiKTeX\2.9\fonts/pk/ljfour/jknappen/ec/dpi600\ecrm0900.pk> <C:\Users\Emili
e\AppData\Local\MiKTeX\2.9\fonts/pk/ljfour/jknappen/ec/dpi600\ecrm0600.pk> <C:\
Users\Emilie\AppData\Local\MiKTeX\2.9\fonts/pk/ljfour/jknappen/ec/dpi600\ecrm08
00.pk> <C:\Users\Emilie\AppData\Local\MiKTeX\2.9\fonts/pk/ljfour/jknappen/ec/dp
i600\ecbx1095.pk> <C:\Users\Emilie\AppData\Local\MiKTeX\2.9\fonts/pk/ljfour/jkn
appen/ec/dpi600\ecrm1095.pk> <C:\Users\Emilie\AppData\Local\MiKTeX\2.9\fonts/pk
/ljfour/jknappen/ec/dpi600\ecsx1095.pk> <C:\Users\Emilie\AppData\Local\MiKTeX\2
.9\fonts/pk/ljfour/jknappen/ec/dpi600\ecsx1440.pk> <C:\Users\Emilie\AppData\Loc
al\MiKTeX\2.9\fonts/pk/ljfour/jknappen/ec/dpi600\ecti1200.pk> <C:\Users\Emilie\
AppData\Local\MiKTeX\2.9\fonts/pk/ljfour/jknappen/ec/dpi600\ecrm1200.pk> <C:\Us
ers\Emilie\AppData\Local\MiKTeX\2.9\fonts/pk/ljfour/jknappen/ec/dpi600\ecrm2074
.pk> <C:\Users\Emilie\AppData\Local\MiKTeX\2.9\fonts/pk/ljfour/jknappen/ec/dpi6
00\eccc1200.pk> <C:\Users\Emilie\AppData\Local\MiKTeX\2.9\fonts/pk/ljfour/jknap
pen/ec/dpi600\eccc1440.pk>
Output written on FDI_project.pdf (51 pages, 1568253 bytes).
PDF statistics:
 759 PDF objects out of 1000 (max. 8388607)
 0 named destinations out of 1000 (max. 500000)
 191 words of extra memory for PDF output out of 10000 (max. 10000000)

